<?xml version="1.0" encoding="UTF-8"?>
<!-- Generated by org.testng.reporters.JUnitXMLReporter -->
<testsuite ignored="0" hostname="DESKTOP-POF0L7T" failures="0" tests="4" name="MavenTestNG" time="0.425" errors="0" timestamp="2024-07-06T14:52:57 IST">
  <testcase classname="annotations.dependsongroup.DependsOnGroupExample" name="test1" time="0.082"/>
  <testcase classname="annotations.dependsongroup.DependsOnGroupExample" name="test2" time="0.003"/>
  <testcase classname="annotations.dependsongroup.DependsOnGroupExample" name="test3" time="0.006"/>
  <testcase classname="annotations.dependsongroup.DependsOnGroupExample" name="test4" time="0.002"/>
</testsuite> <!-- MavenTestNG -->
