<?xml version="1.0" encoding="UTF-8"?>
<testng-results ignored="0" total="4" passed="4" failed="0" skipped="0">
  <reporter-output>
  </reporter-output>
  <suite started-at="2024-07-06T14:52:57 IST" name="Default Suite" finished-at="2024-07-06T14:52:57 IST" duration-ms="425">
    <groups>
      <group name="smoke">
        <method signature="DependsOnGroupExample.test1()[pri:0, instance:annotations.dependsongroup.DependsOnGroupExample@7ea9e1e2]" name="test1" class="annotations.dependsongroup.DependsOnGroupExample"/>
      </group> <!-- smoke -->
    </groups>
    <test started-at="2024-07-06T14:52:57 IST" name="MavenTestNG" finished-at="2024-07-06T14:52:57 IST" duration-ms="425">
      <class name="annotations.dependsongroup.DependsOnGroupExample">
        <test-method signature="test1()[pri:0, instance:annotations.dependsongroup.DependsOnGroupExample@7ea9e1e2]" started-at="2024-07-06T14:52:57 IST" name="test1" finished-at="2024-07-06T14:52:57 IST" duration-ms="82" status="PASS">
          <reporter-output>
          </reporter-output>
        </test-method> <!-- test1 -->
        <test-method signature="test2()[pri:0, instance:annotations.dependsongroup.DependsOnGroupExample@7ea9e1e2]" started-at="2024-07-06T14:52:57 IST" name="test2" depends-on-groups="smoke" finished-at="2024-07-06T14:52:57 IST" duration-ms="3" status="PASS">
          <reporter-output>
          </reporter-output>
        </test-method> <!-- test2 -->
        <test-method signature="test3()[pri:0, instance:annotations.dependsongroup.DependsOnGroupExample@7ea9e1e2]" started-at="2024-07-06T14:52:57 IST" name="test3" finished-at="2024-07-06T14:52:57 IST" duration-ms="6" status="PASS">
          <reporter-output>
          </reporter-output>
        </test-method> <!-- test3 -->
        <test-method signature="test4()[pri:0, instance:annotations.dependsongroup.DependsOnGroupExample@7ea9e1e2]" started-at="2024-07-06T14:52:57 IST" name="test4" finished-at="2024-07-06T14:52:57 IST" duration-ms="2" status="PASS">
          <reporter-output>
          </reporter-output>
        </test-method> <!-- test4 -->
      </class> <!-- annotations.dependsongroup.DependsOnGroupExample -->
    </test> <!-- MavenTestNG -->
  </suite> <!-- Default Suite -->
</testng-results>
